./en/em002-1.md
Replace word "Em002-6 OSS-FAQ" -> 0
Replace word "Em002-3 OSS Licensing Guidelines" -> 14
Replace word "Em002-4.1 Checkliste OSS-Community" -> 0
Replace word "Em002-3 Leitfaden OSS-Lizenzen" -> 0
Replace word "Em002-2.3 Release and Publication Checklist" -> 2
Replace word "Em002-2.2 Analysis and Preparation Checklist" -> 2
Replace word "Em002 Strategic Guidelines for Open Source Software in the Federal Administration" -> 1
Replace word "Em002-2.1 Checkliste Vorabklärung" -> 0
Replace word "Em002-5 EMOTA and OSS Factsheet" -> 1
Replace word "Em002-2 Anleitung zur Veröffentlichung von OSS" -> 0
Replace word "Em002-2.3 Checkliste Freigabe und Publikation" -> 0
Replace word "Em002-2.1 Preliminary Assessment Checklist" -> 2
Replace word "Em002-5 Faktenblatt EMBAG und OSS" -> 0
Replace word "Em002-4 OSS Community Guidelines" -> 11
Replace word "Em002-2 Instructions for Publishing OSS" -> 8
Replace word "Em002-1 Practical Guidelines for Open Source Software in the Federal Administration" -> 0
Replace word "Em002-1 Praxis Leitfaden_V2-0" -> 0
Replace word "Em002 Strategischer Leitfaden_V2-0" -> 0
Replace word "Em002-4.1 OSS Community Checklist" -> 2
Replace word "Em002-2.2 Checkliste Analyse und Aufbereitung" -> 0
Replace word "Em002-4 Leitfaden OSS-Community" -> 0
Replace word "Em002-6 FAQ on OSS and Art. 9 EMOTA" -> 3
********************************************************************
./en/em002-2.md
Replace word "Em002-6 OSS-FAQ" -> 0
Replace word "Em002-3 OSS Licensing Guidelines" -> 2
Replace word "Em002-4.1 Checkliste OSS-Community" -> 0
Replace word "Em002-3 Leitfaden OSS-Lizenzen" -> 0
Replace word "Em002-2.3 Release and Publication Checklist" -> 0
Replace word "Em002-2.2 Analysis and Preparation Checklist" -> 1
Replace word "Em002 Strategic Guidelines for Open Source Software in the Federal Administration" -> 1
Replace word "Em002-2.1 Checkliste Vorabklärung" -> 0
Replace word "Em002-5 EMOTA and OSS Factsheet" -> 1
Replace word "Em002-2 Anleitung zur Veröffentlichung von OSS" -> 0
Replace word "Em002-2.3 Checkliste Freigabe und Publikation" -> 0
Replace word "Em002-2.1 Preliminary Assessment Checklist" -> 3
Replace word "Em002-5 Faktenblatt EMBAG und OSS" -> 0
Replace word "Em002-4 OSS Community Guidelines" -> 3
Replace word "Em002-2 Instructions for Publishing OSS" -> 0
Replace word "Em002-1 Practical Guidelines for Open Source Software in the Federal Administration" -> 0
Replace word "Em002-1 Praxis Leitfaden_V2-0" -> 0
Replace word "Em002 Strategischer Leitfaden_V2-0" -> 0
Replace word "Em002-4.1 OSS Community Checklist" -> 2
Replace word "Em002-2.2 Checkliste Analyse und Aufbereitung" -> 0
Replace word "Em002-4 Leitfaden OSS-Community" -> 0
Replace word "Em002-6 FAQ on OSS and Art. 9 EMOTA" -> 1
********************************************************************
./en/em002-3.md
Replace word "Em002-6 OSS-FAQ" -> 0
Replace word "Em002-3 OSS Licensing Guidelines" -> 0
Replace word "Em002-4.1 Checkliste OSS-Community" -> 0
Replace word "Em002-3 Leitfaden OSS-Lizenzen" -> 0
Replace word "Em002-2.3 Release and Publication Checklist" -> 1
Replace word "Em002-2.2 Analysis and Preparation Checklist" -> 0
Replace word "Em002 Strategic Guidelines for Open Source Software in the Federal Administration" -> 0
Replace word "Em002-2.1 Checkliste Vorabklärung" -> 0
Replace word "Em002-5 EMOTA and OSS Factsheet" -> 0
Replace word "Em002-2 Anleitung zur Veröffentlichung von OSS" -> 0
Replace word "Em002-2.3 Checkliste Freigabe und Publikation" -> 0
Replace word "Em002-2.1 Preliminary Assessment Checklist" -> 2
Replace word "Em002-5 Faktenblatt EMBAG und OSS" -> 0
Replace word "Em002-4 OSS Community Guidelines" -> 1
Replace word "Em002-2 Instructions for Publishing OSS" -> 0
Replace word "Em002-1 Practical Guidelines for Open Source Software in the Federal Administration" -> 0
Replace word "Em002-1 Praxis Leitfaden_V2-0" -> 0
Replace word "Em002 Strategischer Leitfaden_V2-0" -> 0
Replace word "Em002-4.1 OSS Community Checklist" -> 0
Replace word "Em002-2.2 Checkliste Analyse und Aufbereitung" -> 0
Replace word "Em002-4 Leitfaden OSS-Community" -> 0
Replace word "Em002-6 FAQ on OSS and Art. 9 EMOTA" -> 1
********************************************************************
./en/em002-4.md
Replace word "Em002-6 OSS-FAQ" -> 0
Replace word "Em002-3 OSS Licensing Guidelines" -> 0
Replace word "Em002-4.1 Checkliste OSS-Community" -> 0
Replace word "Em002-3 Leitfaden OSS-Lizenzen" -> 0
Replace word "Em002-2.3 Release and Publication Checklist" -> 0
Replace word "Em002-2.2 Analysis and Preparation Checklist" -> 0
Replace word "Em002 Strategic Guidelines for Open Source Software in the Federal Administration" -> 0
Replace word "Em002-2.1 Checkliste Vorabklärung" -> 0
Replace word "Em002-5 EMOTA and OSS Factsheet" -> 0
Replace word "Em002-2 Anleitung zur Veröffentlichung von OSS" -> 0
Replace word "Em002-2.3 Checkliste Freigabe und Publikation" -> 0
Replace word "Em002-2.1 Preliminary Assessment Checklist" -> 0
Replace word "Em002-5 Faktenblatt EMBAG und OSS" -> 0
Replace word "Em002-4 OSS Community Guidelines" -> 0
Replace word "Em002-2 Instructions for Publishing OSS" -> 0
Replace word "Em002-1 Practical Guidelines for Open Source Software in the Federal Administration" -> 0
Replace word "Em002-1 Praxis Leitfaden_V2-0" -> 0
Replace word "Em002 Strategischer Leitfaden_V2-0" -> 0
Replace word "Em002-4.1 OSS Community Checklist" -> 1
Replace word "Em002-2.2 Checkliste Analyse und Aufbereitung" -> 0
Replace word "Em002-4 Leitfaden OSS-Community" -> 0
Replace word "Em002-6 FAQ on OSS and Art. 9 EMOTA" -> 1
********************************************************************
./en/em002-5.md
Replace word "Em002-6 OSS-FAQ" -> 0
Replace word "Em002-3 OSS Licensing Guidelines" -> 0
Replace word "Em002-4.1 Checkliste OSS-Community" -> 0
Replace word "Em002-3 Leitfaden OSS-Lizenzen" -> 0
Replace word "Em002-2.3 Release and Publication Checklist" -> 0
Replace word "Em002-2.2 Analysis and Preparation Checklist" -> 0
Replace word "Em002 Strategic Guidelines for Open Source Software in the Federal Administration" -> 0
Replace word "Em002-2.1 Checkliste Vorabklärung" -> 0
Replace word "Em002-5 EMOTA and OSS Factsheet" -> 0
Replace word "Em002-2 Anleitung zur Veröffentlichung von OSS" -> 0
Replace word "Em002-2.3 Checkliste Freigabe und Publikation" -> 0
Replace word "Em002-2.1 Preliminary Assessment Checklist" -> 0
Replace word "Em002-5 Faktenblatt EMBAG und OSS" -> 0
Replace word "Em002-4 OSS Community Guidelines" -> 0
Replace word "Em002-2 Instructions for Publishing OSS" -> 0
Replace word "Em002-1 Practical Guidelines for Open Source Software in the Federal Administration" -> 0
Replace word "Em002-1 Praxis Leitfaden_V2-0" -> 0
Replace word "Em002 Strategischer Leitfaden_V2-0" -> 0
Replace word "Em002-4.1 OSS Community Checklist" -> 0
Replace word "Em002-2.2 Checkliste Analyse und Aufbereitung" -> 0
Replace word "Em002-4 Leitfaden OSS-Community" -> 0
Replace word "Em002-6 FAQ on OSS and Art. 9 EMOTA" -> 0
********************************************************************
./en/em002-6.md
Replace word "Em002-6 OSS-FAQ" -> 0
Replace word "Em002-3 OSS Licensing Guidelines" -> 4
Replace word "Em002-4.1 Checkliste OSS-Community" -> 0
Replace word "Em002-3 Leitfaden OSS-Lizenzen" -> 0
Replace word "Em002-2.3 Release and Publication Checklist" -> 1
Replace word "Em002-2.2 Analysis and Preparation Checklist" -> 3
Replace word "Em002 Strategic Guidelines for Open Source Software in the Federal Administration" -> 1
Replace word "Em002-2.1 Checkliste Vorabklärung" -> 0
Replace word "Em002-5 EMOTA and OSS Factsheet" -> 0
Replace word "Em002-2 Anleitung zur Veröffentlichung von OSS" -> 0
Replace word "Em002-2.3 Checkliste Freigabe und Publikation" -> 0
Replace word "Em002-2.1 Preliminary Assessment Checklist" -> 1
Replace word "Em002-5 Faktenblatt EMBAG und OSS" -> 0
Replace word "Em002-4 OSS Community Guidelines" -> 3
Replace word "Em002-2 Instructions for Publishing OSS" -> 0
Replace word "Em002-1 Practical Guidelines for Open Source Software in the Federal Administration" -> 3
Replace word "Em002-1 Praxis Leitfaden_V2-0" -> 0
Replace word "Em002 Strategischer Leitfaden_V2-0" -> 0
Replace word "Em002-4.1 OSS Community Checklist" -> 2
Replace word "Em002-2.2 Checkliste Analyse und Aufbereitung" -> 0
Replace word "Em002-4 Leitfaden OSS-Community" -> 0
Replace word "Em002-6 FAQ on OSS and Art. 9 EMOTA" -> 0
********************************************************************
./en/em002.md
Replace word "Em002-6 OSS-FAQ" -> 0
Replace word "Em002-3 OSS Licensing Guidelines" -> 1
Replace word "Em002-4.1 Checkliste OSS-Community" -> 0
Replace word "Em002-3 Leitfaden OSS-Lizenzen" -> 0
Replace word "Em002-2.3 Release and Publication Checklist" -> 1
Replace word "Em002-2.2 Analysis and Preparation Checklist" -> 1
Replace word "Em002 Strategic Guidelines for Open Source Software in the Federal Administration" -> 1
Replace word "Em002-2.1 Checkliste Vorabklärung" -> 0
Replace word "Em002-5 EMOTA and OSS Factsheet" -> 1
Replace word "Em002-2 Anleitung zur Veröffentlichung von OSS" -> 0
Replace word "Em002-2.3 Checkliste Freigabe und Publikation" -> 0
Replace word "Em002-2.1 Preliminary Assessment Checklist" -> 1
Replace word "Em002-5 Faktenblatt EMBAG und OSS" -> 0
Replace word "Em002-4 OSS Community Guidelines" -> 3
Replace word "Em002-2 Instructions for Publishing OSS" -> 0
Replace word "Em002-1 Practical Guidelines for Open Source Software in the Federal Administration" -> 1
Replace word "Em002-1 Praxis Leitfaden_V2-0" -> 0
Replace word "Em002 Strategischer Leitfaden_V2-0" -> 0
Replace word "Em002-4.1 OSS Community Checklist" -> 1
Replace word "Em002-2.2 Checkliste Analyse und Aufbereitung" -> 0
Replace word "Em002-4 Leitfaden OSS-Community" -> 0
Replace word "Em002-6 FAQ on OSS and Art. 9 EMOTA" -> 1
********************************************************************
